<?xml version="1.0" encoding="UTF-8"?>
<!-- Generated by org.testng.reporters.JUnitReportReporter -->
<testsuite skipped="0" hostname="ANKITA" name="com.liveguruTestCase.livegurutc001" tests="1" failures="0" timestamp="19 Dec 2018 13:08:16 GMT" time="2.358" errors="0">
  <testcase name="tcregister" time="2.358" classname="com.liveguruTestCase.livegurutc001"/>
</testsuite> <!-- com.liveguruTestCase.livegurutc001 -->
