<?xml version="1.0" encoding="UTF-8"?>
<!-- Generated by org.testng.reporters.JUnitReportReporter -->
<testsuite skipped="0" hostname="Dell" name="com.wordpress.testcases.verfyvalidlogin" tests="1" failures="0" timestamp="19 Dec 2018 02:04:52 GMT" time="17.656" errors="0">
  <testcase name="checkvaliduser" time="17.656" classname="com.wordpress.testcases.verfyvalidlogin"/>
</testsuite> <!-- com.wordpress.testcases.verfyvalidlogin -->
