<?xml version="1.0" encoding="UTF-8"?>
<!-- Generated by org.testng.reporters.JUnitReportReporter -->
<testsuite skipped="0" hostname="Dell" name="com.wordpress.testcases.verifywordpresslogin" tests="1" failures="0" timestamp="15 Dec 2018 05:54:24 GMT" time="23.882" errors="0">
  <testcase name="verifyvalidlogin" time="23.882" classname="com.wordpress.testcases.verifywordpresslogin"/>
</testsuite> <!-- com.wordpress.testcases.verifywordpresslogin -->
