<?xml version="1.0" encoding="UTF-8"?>
<!-- Generated by org.testng.reporters.JUnitReportReporter -->
<testsuite skipped="0" hostname="Dell" name="Datadriven.TSLogin" tests="1" failures="0" timestamp="01 Dec 2018 08:11:58 GMT" time="23.809" errors="0">
  <testcase name="logintoTS" time="23.809" classname="Datadriven.TSLogin"/>
</testsuite> <!-- Datadriven.TSLogin -->
