<?xml version="1.0" encoding="UTF-8"?>
<!-- Generated by org.testng.reporters.JUnitReportReporter -->
<testsuite skipped="0" hostname="ANKITA" name="com.utilities.BaseClass" tests="1" failures="0" timestamp="20 Dec 2018 08:50:48 GMT" time="13.309" errors="0">
  <testcase name="setup" time="13.309" classname="com.utilities.BaseClass"/>
</testsuite> <!-- com.utilities.BaseClass -->
