<?xml version="1.0" encoding="UTF-8"?>
<!-- Generated by org.testng.reporters.JUnitReportReporter -->
<testsuite skipped="0" hostname="ANKITA" name="com.testcases.Toverifylogout" tests="1" failures="0" timestamp="31 Dec 2018 06:21:30 GMT" time="1.880" errors="0">
  <testcase name="chklogout" time="1.880" classname="com.testcases.Toverifylogout"/>
</testsuite> <!-- com.testcases.Toverifylogout -->
