<?xml version="1.0" encoding="UTF-8"?>
<!-- Generated by org.testng.reporters.JUnitReportReporter -->
<testsuite skipped="0" hostname="ANKITA" name="com.testcases.Toverifyregistration" tests="1" failures="0" timestamp="31 Dec 2018 06:21:30 GMT" time="7.471" errors="0">
  <testcase name="register" time="7.471" classname="com.testcases.Toverifyregistration"/>
</testsuite> <!-- com.testcases.Toverifyregistration -->
