<?xml version="1.0" encoding="UTF-8"?>
<!-- Generated by org.testng.reporters.JUnitReportReporter -->
<testsuite skipped="0" hostname="ANKITA" name="TNGdemo.BaseCls" tests="1" failures="0" timestamp="26 Nov 2018 11:05:48 GMT" time="13.405" errors="0">
  <testcase name="logintoapp" time="13.405" classname="TNGdemo.BaseCls"/>
</testsuite> <!-- TNGdemo.BaseCls -->
