<?xml version="1.0" encoding="UTF-8"?>
<!-- Generated by org.testng.reporters.JUnitReportReporter -->
<testsuite skipped="0" hostname="Dell" name="ecommerce.myorder" tests="1" failures="0" timestamp="30 Dec 2018 11:47:15 GMT" time="160.471" errors="0">
  <testcase name="myorder" time="160.471" classname="ecommerce.myorder"/>
</testsuite> <!-- ecommerce.myorder -->
