<?xml version="1.0" encoding="UTF-8"?>
<!-- Generated by org.testng.reporters.JUnitReportReporter -->
<testsuite skipped="0" hostname="Dell" name="ecommerce.checkout" tests="1" failures="0" timestamp="03 Jan 2019 02:32:46 GMT" time="7.122" errors="0">
  <testcase name="checkout1" time="7.122" classname="ecommerce.checkout"/>
</testsuite> <!-- ecommerce.checkout -->
