<?xml version="1.0" encoding="UTF-8"?>
<!-- Generated by org.testng.reporters.JUnitReportReporter -->
<testsuite skipped="0" hostname="ANKITA" name="redbus.RedBudTkt" tests="1" failures="0" timestamp="09 Jan 2019 13:17:21 GMT" time="93.448" errors="0">
  <testcase name="booktkt" time="93.448" classname="redbus.RedBudTkt"/>
</testsuite> <!-- redbus.RedBudTkt -->
