<?xml version="1.0" encoding="UTF-8"?>
<!-- Generated by org.testng.reporters.JUnitReportReporter -->
<testsuite name="com.testcase.Baseclass" tests="1" time="11.917" ignored="0" failures="0" timestamp="15 Dec 2018 07:21:01 GMT" skipped="0" hostname="Dell" errors="0">
  <testcase name="setup" time="11.917" classname="com.testcase.Baseclass"/>
</testsuite> <!-- com.testcase.Baseclass -->
