<?xml version="1.0" encoding="UTF-8"?>
<!-- Generated by org.testng.reporters.JUnitReportReporter -->
<testsuite name="com.testcase.verifydashboard" tests="2" time="27.887" ignored="0" failures="0" timestamp="17 Dec 2018 02:04:30 GMT" skipped="0" hostname="Dell" errors="0">
  <testcase name="verifyDashboard" time="7.119" classname="com.testcase.verifydashboard"/>
  <testcase name="setup" time="20.768" classname="com.testcase.verifydashboard"/>
</testsuite> <!-- com.testcase.verifydashboard -->
