<?xml version="1.0" encoding="UTF-8"?>
<!-- Generated by org.testng.reporters.JUnitReportReporter -->
<testsuite skipped="0" hostname="Dell" name="AdvanceReport.verifytitle" tests="1" failures="0" timestamp="20 Dec 2018 02:21:10 GMT" time="8.495" errors="0">
  <testcase name="verifytitledemo" time="8.495" classname="AdvanceReport.verifytitle"/>
</testsuite> <!-- AdvanceReport.verifytitle -->
